<?xml version="1.0" encoding="utf-8"?><testsuites name="pytest tests"><testsuite name="pytest" errors="0" failures="0" skipped="0" tests="16" time="21.455" timestamp="2026-05-03T11:46:53.660518+00:00" hostname="agent-env-43cc20f4-66bb-431b-941c-fd8cff4e16a7"><testcase classname="tests.test_alerts_news.TestAlertsCRUD" name="test_create_alert_above_valid" time="6.634" /><testcase classname="tests.test_alerts_news.TestAlertsCRUD" name="test_reject_unknown_symbol" time="0.095" /><testcase classname="tests.test_alerts_news.TestAlertsCRUD" name="test_reject_invalid_direction" time="0.233" /><testcase classname="tests.test_alerts_news.TestAlertsCRUD" name="test_reject_zero_or_negative_price" time="0.314" /><testcase classname="tests.test_alerts_news.TestAlertsCRUD" name="test_reject_far_target" time="0.366" /><testcase classname="tests.test_alerts_news.TestAlertsCRUD" name="test_list_my_alerts_only" time="1.504" /><testcase classname="tests.test_alerts_news.TestAlertsCrossing" name="test_crossing_logic_in_process" time="0.001" /><testcase classname="tests.test_alerts_news.TestNewsFilter" name="test_matched_only_no_unmatched_leaks" time="0.233" /><testcase classname="tests.test_alerts_news.TestNewsFilter" name="test_stop_alias_words_not_misattributed" time="0.129" /><testcase classname="tests.test_alerts_news.TestRegressions" name="test_watchlist_get" time="0.109" /><testcase classname="tests.test_alerts_news.TestRegressions" name="test_portfolio" time="0.214" /><testcase classname="tests.test_alerts_news.TestRegressions" name="test_news_headlines" time="0.116" /><testcase classname="tests.test_alerts_news.TestRegressions" name="test_news_for_symbol" time="0.211" /><testcase classname="tests.test_alerts_news.TestRegressions" name="test_marketbot_chat" time="5.020" /><testcase classname="tests.test_alerts_news.TestRegressions" name="test_leaderboard" time="6.078" /><testcase classname="tests.test_alerts_news.TestWebSocketAlertScope" name="test_ws_alert_scoped_via_inprocess_dispatch" time="0.051" /></testsuite></testsuites>