<?xml version="1.0" encoding="utf-8"?><testsuites name="pytest tests"><testsuite name="pytest" errors="0" failures="0" skipped="2" tests="13" time="11.315" timestamp="2026-05-03T08:55:13.567941+00:00" hostname="agent-env-43cc20f4-66bb-431b-941c-fd8cff4e16a7"><testcase classname="backend.tests.test_startupmarket_pivot" name="test_stocks_returns_90_startup_symbols" time="0.156" /><testcase classname="backend.tests.test_startupmarket_pivot" name="test_demand_no_auth_required_and_covers_all_90" time="0.132" /><testcase classname="backend.tests.test_startupmarket_pivot" name="test_prices_keyed_by_startup_symbol" time="0.298" /><testcase classname="backend.tests.test_startupmarket_pivot" name="test_trade_blocked_when_market_closed" time="0.263" /><testcase classname="backend.tests.test_startupmarket_pivot" name="test_trade_buy_moves_demand_positive" time="0.000"><skipped type="pytest.skip" message="market is CLOSED; cannot exercise BUY pressure live">/app/backend/tests/test_startupmarket_pivot.py:99: market is CLOSED; cannot exercise BUY pressure live</skipped></testcase><testcase classname="backend.tests.test_startupmarket_pivot" name="test_chart_synthetic_for_startup_returns_78_candles" time="0.129" /><testcase classname="backend.tests.test_startupmarket_pivot" name="test_chart_deterministic_per_symbol_range" time="0.205" /><testcase classname="backend.tests.test_startupmarket_pivot" name="test_marketbot_chat_requires_auth" time="0.105" /><testcase classname="backend.tests.test_startupmarket_pivot" name="test_marketbot_chat_empty_message_400" time="0.097" /><testcase classname="backend.tests.test_startupmarket_pivot" name="test_marketbot_chat_returns_reply_with_disclaimer" time="0.552"><skipped type="pytest.skip" message="MarketBot 503 (LLM glitch) — retest later">/app/backend/tests/test_startupmarket_pivot.py:172: MarketBot 503 (LLM glitch) — retest later</skipped></testcase><testcase classname="backend.tests.test_startupmarket_pivot" name="test_refresh_news_admin_only" time="0.116" /><testcase classname="backend.tests.test_startupmarket_pivot" name="test_refresh_news_admin_returns_items" time="9.008" /><testcase classname="backend.tests.test_startupmarket_pivot" name="test_leaderboard_has_no_fake_users" time="0.188" /></testsuite></testsuites>